feature/system/build/intermediates/manifest_merge_blame_file/debug/processDebugManifest/manifest-merger-blame-debug-report.txt
1<?xml version="1.0" encoding="utf-8"?>
2<manifest xmlns:android="http://schemas.android.com/apk/res/android"
3    package="com.sys.androidkit.feature.system" >
4
5    <uses-sdk android:minSdkVersion="24" />
5-->INJECTED
5-->INJECTED
6
7    <uses-permission android:name="android.permission.CAMERA" />
7-->src/main/AndroidManifest.xml:4:5-65
7-->src/main/AndroidManifest.xml:4:22-62
8    <uses-permission android:name="android.permission.POST_NOTIFICATIONS" />
8-->src/main/AndroidManifest.xml:5:5-77
8-->src/main/AndroidManifest.xml:5:22-74
9    <uses-permission android:name="android.permission.FOREGROUND_SERVICE" />
9-->src/main/AndroidManifest.xml:6:5-77
9-->src/main/AndroidManifest.xml:6:22-74
10    <uses-permission android:name="android.permission.FOREGROUND_SERVICE_DATA_SYNC" />
10-->src/main/AndroidManifest.xml:7:5-87
10-->src/main/AndroidManifest.xml:7:22-84
11
12    <uses-feature
12-->src/main/AndroidManifest.xml:9:5-11:36
13        android:name="android.hardware.camera"
13-->src/main/AndroidManifest.xml:10:9-47
14        android:required="false" />
14-->src/main/AndroidManifest.xml:11:9-33
15
16    <application>
16-->src/main/AndroidManifest.xml:13:5-28:19
17        <service
17-->src/main/AndroidManifest.xml:14:9-17:56
18            android:name="com.sys.androidkit.feature.system.TimerForegroundService"
18-->src/main/AndroidManifest.xml:15:13-51
19            android:exported="false"
19-->src/main/AndroidManifest.xml:16:13-37
20            android:foregroundServiceType="dataSync" />
20-->src/main/AndroidManifest.xml:17:13-53
21
22        <provider
22-->src/main/AndroidManifest.xml:19:9-27:20
23            android:name="androidx.core.content.FileProvider"
23-->src/main/AndroidManifest.xml:20:13-62
24            android:authorities="${applicationId}.fileprovider"
24-->src/main/AndroidManifest.xml:21:13-64
25            android:exported="false"
25-->src/main/AndroidManifest.xml:22:13-37
26            android:grantUriPermissions="true" >
26-->src/main/AndroidManifest.xml:23:13-47
27            <meta-data
27-->src/main/AndroidManifest.xml:24:13-26:54
28                android:name="android.support.FILE_PROVIDER_PATHS"
28-->src/main/AndroidManifest.xml:25:17-67
29                android:resource="@xml/file_paths" />
29-->src/main/AndroidManifest.xml:26:17-51
30        </provider>
31    </application>
32
33</manifest>